{"numFailedTestSuites":0,"numFailedTests":0,"numPassedTestSuites":1,"numPassedTests":4,"numPendingTestSuites":0,"numPendingTests":0,"numRuntimeErrorTestSuites":0,"numTotalTestSuites":1,"numTotalTests":4,"openHandles":[],"snapshot":{"added":0,"didUpdate":false,"failure":false,"filesAdded":0,"filesRemoved":0,"filesUnmatched":0,"filesUpdated":0,"matched":0,"total":0,"unchecked":0,"uncheckedKeysByFile":[],"unmatched":0,"updated":0},"startTime":1555517015203,"success":true,"testResults":[{"console":null,"failureMessage":null,"numFailingTests":0,"numPassingTests":4,"numPendingTests":0,"perfStats":{"end":1555517019598,"start":1555517016921},"snapshot":{"added":0,"fileDeleted":false,"matched":0,"unchecked":0,"unmatched":0,"updated":0,"uncheckedKeys":[]},"testFilePath":"/Users/corinne/Desktop/elevation/react-props/react-props-solution/tests/spot-checks/spot-check-7.test.js","testResults":[{"ancestorTitles":["spotcheck6"],"duration":35,"failureMessages":[],"fullName":"spotcheck6 Application should render without crashing","location":null,"numPassingAsserts":0,"status":"passed","title":"Application should render without crashing"},{"ancestorTitles":["spotcheck6"],"duration":40,"failureMessages":[],"fullName":"spotcheck6 The App component should render the Calendar component with props","location":null,"numPassingAsserts":0,"status":"passed","title":"The App component should render the Calendar component with props"},{"ancestorTitles":["spotcheck6"],"duration":14,"failureMessages":[],"fullName":"spotcheck6 The App component should render the Register component with props","location":null,"numPassingAsserts":0,"status":"passed","title":"The App component should render the Register component with props"},{"ancestorTitles":["spotcheck6"],"duration":21,"failureMessages":[],"fullName":"spotcheck6 You must pass props using data fropm your state","location":null,"numPassingAsserts":0,"status":"passed","title":"You must pass props using data fropm your state"}],"sourceMaps":{},"skipped":false,"leaks":false}],"wasInterrupted":false}