{"numFailedTestSuites":0,"numFailedTests":0,"numPassedTestSuites":1,"numPassedTests":3,"numPendingTestSuites":0,"numPendingTests":0,"numRuntimeErrorTestSuites":0,"numTotalTestSuites":1,"numTotalTests":3,"openHandles":[],"snapshot":{"added":0,"didUpdate":false,"failure":false,"filesAdded":0,"filesRemoved":0,"filesUnmatched":0,"filesUpdated":0,"matched":0,"total":0,"unchecked":0,"uncheckedKeysByFile":[],"unmatched":0,"updated":0},"startTime":1555581577943,"success":true,"testResults":[{"console":null,"failureMessage":null,"numFailingTests":0,"numPassingTests":3,"numPendingTests":0,"perfStats":{"end":1555581582306,"start":1555581579687},"snapshot":{"added":0,"fileDeleted":false,"matched":0,"unchecked":0,"unmatched":0,"updated":0,"uncheckedKeys":[]},"testFilePath":"/Users/corinne/Desktop/elevation/react-props/react-props-solution/tests/exercises/ex-1.test.js","testResults":[{"ancestorTitles":["exercise1"],"duration":36,"failureMessages":[],"fullName":"exercise1 Application should render without crashing","location":null,"numPassingAsserts":0,"status":"passed","title":"Application should render without crashing"},{"ancestorTitles":["exercise1"],"duration":29,"failureMessages":[],"fullName":"exercise1 App should render your Hudini component","location":null,"numPassingAsserts":0,"status":"passed","title":"App should render your Hudini component"},{"ancestorTitles":["exercise1"],"duration":14,"failureMessages":[],"fullName":"exercise1 The Hudini component should render a div with text","location":null,"numPassingAsserts":0,"status":"passed","title":"The Hudini component should render a div with text"}],"sourceMaps":{},"skipped":false,"leaks":false}],"wasInterrupted":false}